<?xml version="1.0" encoding="UTF-8"?>
<!-- Generated by org.testng.reporters.JUnitReportReporter -->
<testsuite hostname="Clairvoyant-296" failures="0" tests="3" name="com.keka.test.HomeTest" time="53.146" errors="0" timestamp="2021-04-19T13:22:35 IST" skipped="0">
  <testcase classname="com.keka.test.HomeTest" name="verifyHomePageTitle" time="19.585"/>
  <system-out/>
  <testcase classname="com.keka.test.HomeTest" name="verifyTextLabel" time="16.236"/>
  <system-out/>
  <testcase classname="com.keka.test.HomeTest" name="cilckOnSearchBox" time="17.325"/>
  <system-out/>
</testsuite> <!-- com.keka.test.HomeTest -->
